<?xml version="1.0" encoding="UTF-8"?>
<!-- Generated by org.testng.reporters.JUnitReportReporter -->
<testsuite hostname="LAPTOP-IGMUB4DL" failures="0" tests="1" name="testlayer.AmazonLogin" time="6.834" errors="0" timestamp="2022-08-12T08:59:03 EDT" skipped="0">
  <testcase classname="testlayer.AmazonLogin" name="signin" time="6.834"/>
  <system-out/>
</testsuite> <!-- testlayer.AmazonLogin -->
