<?xml version="1.0" encoding="UTF-8"?>
<!-- Generated by org.testng.reporters.JUnitReportReporter -->
<testsuite hostname="LAPTOP-IGMUB4DL" failures="0" tests="1" name="testlayer.YourAccount" time="10.296" errors="0" timestamp="2022-08-12T14:39:02 EDT" skipped="0">
  <testcase classname="testlayer.YourAccount" name="youraccount" time="10.296"/>
  <system-out/>
</testsuite> <!-- testlayer.YourAccount -->
