<?xml version="1.0" encoding="UTF-8"?>
<!-- Generated by org.testng.reporters.JUnitReportReporter -->
<testsuite hostname="LAPTOP-IGMUB4DL" failures="0" tests="4" name="testlayer.YourOrder" time="11.178" errors="0" timestamp="2022-08-12T11:17:49 EDT" skipped="3">
  <testcase classname="testlayer.YourOrder" name="cancelledorders" time="11.178"/>
  <system-out/>
  <testcase classname="testlayer.YourOrder" name="yourorders">
    <skipped/>
  </testcase> <!-- yourorders -->
  <system-out/>
  <testcase classname="testlayer.YourOrder" name="ord_buyagain">
    <skipped/>
  </testcase> <!-- ord_buyagain -->
  <system-out/>
  <testcase classname="testlayer.YourOrder" name="notyetshipped">
    <skipped/>
  </testcase> <!-- notyetshipped -->
  <system-out/>
</testsuite> <!-- testlayer.YourOrder -->
