<?xml version="1.0" encoding="UTF-8"?>
<!-- Generated by org.testng.reporters.JUnitReportReporter -->
<testsuite hostname="LAPTOP-IGMUB4DL" failures="0" tests="1" name="testlayer.LoginSecurity" time="12.329" errors="0" timestamp="2022-08-12T22:23:54 EDT" skipped="0">
  <testcase classname="testlayer.LoginSecurity" name="security" time="12.329"/>
  <system-out/>
</testsuite> <!-- testlayer.LoginSecurity -->
