<?xml version="1.0" encoding="UTF-8"?>
<!-- Generated by org.testng.reporters.JUnitReportReporter -->
<testsuite hostname="LAPTOP-IGMUB4DL" failures="0" tests="2" name="testlayer.YourAddress" time="12.598" errors="0" timestamp="2022-08-12T14:05:21 EDT" skipped="1">
  <testcase classname="testlayer.YourAddress" name="addaddress" time="12.598"/>
  <system-out/>
  <testcase classname="testlayer.YourAddress" name="address">
    <skipped/>
  </testcase> <!-- address -->
  <system-out/>
</testsuite> <!-- testlayer.YourAddress -->
