<?xml version="1.0" encoding="UTF-8"?>
<!-- Generated by org.testng.reporters.JUnitReportReporter -->
<testsuite hostname="LAPTOP-IGMUB4DL" failures="0" tests="4" name="testlayer.Search_SortBy" time="54.021" errors="0" timestamp="2022-08-13T12:04:53 EDT" skipped="0">
  <testcase classname="testlayer.Search_SortBy" name="sortby2" time="16.727"/>
  <system-out/>
  <testcase classname="testlayer.Search_SortBy" name="sortby1" time="11.456"/>
  <system-out/>
  <testcase classname="testlayer.Search_SortBy" name="sortby3" time="14.681"/>
  <system-out/>
  <testcase classname="testlayer.Search_SortBy" name="sortby4" time="11.157"/>
  <system-out/>
</testsuite> <!-- testlayer.Search_SortBy -->
