<?xml version="1.0" encoding="UTF-8"?>
<!-- Generated by org.testng.reporters.JUnitReportReporter -->
<testsuite hostname="LAPTOP-IGMUB4DL" failures="0" tests="2" name="testlayer.YourPayments" time="6.729" errors="0" timestamp="2022-08-13T05:41:49 EDT" skipped="1">
  <testcase classname="testlayer.YourPayments" name="addpayment" time="6.729"/>
  <system-out/>
  <testcase classname="testlayer.YourPayments" name="payments">
    <skipped/>
  </testcase> <!-- payments -->
  <system-out/>
</testsuite> <!-- testlayer.YourPayments -->
