<?xml version="1.0" encoding="UTF-8"?>
<!-- Generated by org.testng.reporters.JUnitReportReporter -->
<testsuite hostname="LAPTOP-IGMUB4DL" failures="0" tests="4" name="testlayer.Search_Filter" time="69.373" errors="0" timestamp="2022-08-13T11:56:13 EDT" skipped="0">
  <testcase classname="testlayer.Search_Filter" name="filter1" time="18.118"/>
  <system-out/>
  <testcase classname="testlayer.Search_Filter" name="filter2" time="15.708"/>
  <system-out/>
  <testcase classname="testlayer.Search_Filter" name="filter3" time="18.838"/>
  <system-out/>
  <testcase classname="testlayer.Search_Filter" name="filter4" time="16.709"/>
  <system-out/>
</testsuite> <!-- testlayer.Search_Filter -->
