<?xml version="1.0" encoding="UTF-8"?>
<!-- Generated by org.testng.reporters.JUnitReportReporter -->
<testsuite hostname="LAPTOP-IGMUB4DL" failures="0" tests="3" name="testlayer.Search" time="28.312" errors="0" timestamp="2022-08-13T06:07:58 EDT" skipped="0">
  <testcase classname="testlayer.Search" name="AmzSearch" time="8.901"/>
  <system-out/>
  <testcase classname="testlayer.Search" name="AmzSearch" time="9.917"/>
  <system-out/>
  <testcase classname="testlayer.Search" name="AmzSearch" time="9.494"/>
  <system-out/>
</testsuite> <!-- testlayer.Search -->
